<?xml version="1.0" encoding="UTF-8"?>
<!-- Generated by org.testng.reporters.JUnitReportReporter -->
<testsuite hostname="DJ" failures="0" tests="1" name="qtrecog.testcases.KudosMandatoryTest2" time="7.298" errors="0" timestamp="2021-12-20T18:44:25 IST" skipped="0">
  <testcase classname="qtrecog.testcases.KudosMandatoryTest2" name="verifyCitationMandatory" time="7.298"/>
  <system-out/>
</testsuite> <!-- qtrecog.testcases.KudosMandatoryTest2 -->
