<?xml version="1.0" encoding="UTF-8"?>
<!-- Generated by org.testng.reporters.JUnitReportReporter -->
<testsuite hostname="DJ" failures="0" tests="1" name="qtrecog.testcases.KudosMandateTest1" time="55.844" errors="0" timestamp="2021-12-22T16:54:45 IST" skipped="0">
  <testcase classname="qtrecog.testcases.KudosMandateTest1" name="verifyCitationMandatory" time="55.844"/>
  <system-out/>
</testsuite> <!-- qtrecog.testcases.KudosMandateTest1 -->
