<?xml version="1.0" encoding="UTF-8"?>
<!-- Generated by org.testng.reporters.JUnitReportReporter -->
<testsuite hostname="DJ" failures="0" tests="1" name="qtrecog.testcases.KudosMandatoryTest" time="62.839" errors="0" timestamp="2021-12-22T16:54:45 IST" skipped="0">
  <testcase classname="qtrecog.testcases.KudosMandatoryTest" name="verifyKudosMandatry" time="62.839"/>
  <system-out/>
</testsuite> <!-- qtrecog.testcases.KudosMandatoryTest -->
