<?xml version="1.0" encoding="UTF-8"?>
<!-- Generated by org.testng.reporters.JUnitReportReporter -->
<testsuite hostname="DJ" failures="0" tests="1" name="qtrecog.testcases.KudosConditions" time="68.311" errors="0" timestamp="2021-12-22T16:54:45 IST" skipped="0">
  <testcase classname="qtrecog.testcases.KudosConditions" name="verifyKudosToOwn" time="68.311"/>
  <system-out/>
</testsuite> <!-- qtrecog.testcases.KudosConditions -->
